<?xml version="1.0" encoding="UTF-8"?>
<testsuite xmlns:xsi="http://www.w3.org/2001/XMLSchema-instance" xsi:noNamespaceSchemaLocation="https://maven.apache.org/surefire/maven-surefire-plugin/xsd/surefire-test-report-3.0.xsd" version="3.0" name="com.climax.climax.ClimaxApplicationTests" time="0.139" tests="8" errors="0" skipped="0" failures="0">
  <properties>
[...]
</properties>
  <testcase name="testReadTextFile" classname="com.climax.climax.ClimaxApplicationTests" time="0.041">
    <system-out><![CDATA[02:25:08.510 [main] INFO com.climax.climax.services.TextFile -- Employee{id='null', firstName='Adrien', lastName='Zous', age=25, salary=35.0, djob='informaticien'}
02:25:08.512 [main] INFO com.climax.climax.services.TextFile -- Employee{id='null', firstName='Mathilde', lastName='Ducroc', age=32, salary=38.0, djob='informaticien'}
02:25:08.512 [main] INFO com.climax.climax.services.TextFile -- Employee{id='null', firstName='Bruno', lastName='Joy', age=29, salary=33.0, djob='comptable'}
02:25:08.513 [main] INFO com.climax.climax.services.TextFile -- Employee{id='null', firstName='Julien', lastName='Basr', age=43, salary=24.0, djob='policier'}
02:25:08.513 [main] INFO com.climax.climax.services.TextFile -- Employee{id='null', firstName='Teff', lastName='Bouaz', age=52, salary=45.0, djob='boulanger'}
02:25:08.513 [main] INFO com.climax.climax.services.TextFile -- Employee{id='null', firstName='Ben', lastName='Leroy', age=48, salary=26.0, djob='comptable'}
02:25:08.513 [main] INFO com.climax.climax.services.TextFile -- Employee{id='null', firstName='Celine', lastName='Beroy', age=28, salary=37.0, djob='comptable'}
]]></system-out>
  </testcase>
  <testcase name="testJSonFileLength" classname="com.climax.climax.ClimaxApplicationTests" time="0.007">
    <system-out><![CDATA[02:25:08.520 [main] INFO com.climax.climax.services.JsonFile -- myFilePath:   /home/hamed/IdeaProjects/climax/file.json
02:25:08.524 [main] INFO com.climax.climax.services.JsonFile -- Employee{id='null', firstName='Zous', lastName='Adrien', age=25, salary=35.0, djob='informaticien'}
02:25:08.524 [main] INFO com.climax.climax.services.JsonFile -- Employee{id='null', firstName='Ducroc', lastName='Mathilde', age=32, salary=38.0, djob='informaticien'}
02:25:08.524 [main] INFO com.climax.climax.services.JsonFile -- Employee{id='null', firstName='Joy', lastName='Bruno', age=29, salary=33.0, djob='comptable'}
02:25:08.524 [main] INFO com.climax.climax.services.JsonFile -- Employee{id='null', firstName='Basr', lastName='Julien', age=43, salary=24.0, djob='policier'}
02:25:08.524 [main] INFO com.climax.climax.services.JsonFile -- Employee{id='null', firstName='Bouaz', lastName='Teff', age=52, salary=45.0, djob='boulanger'}
02:25:08.524 [main] INFO com.climax.climax.services.JsonFile -- Employee{id='null', firstName='Leroy', lastName='Ben', age=48, salary=26.0, djob='comptable'}
02:25:08.525 [main] INFO com.climax.climax.services.JsonFile -- Employee{id='null', firstName='Beroy', lastName='Celine', age=28, salary=37.0, djob='comptable'}
]]></system-out>
  </testcase>
  <testcase name="testAllJSonFileData" classname="com.climax.climax.ClimaxApplicationTests" time="0.003">
    <system-out><![CDATA[02:25:08.527 [main] INFO com.climax.climax.services.JsonFile -- myFilePath:   /home/hamed/IdeaProjects/climax/file.json
02:25:08.528 [main] INFO com.climax.climax.services.JsonFile -- Employee{id='null', firstName='Zous', lastName='Adrien', age=25, salary=35.0, djob='informaticien'}
02:25:08.528 [main] INFO com.climax.climax.services.JsonFile -- Employee{id='null', firstName='Ducroc', lastName='Mathilde', age=32, salary=38.0, djob='informaticien'}
02:25:08.528 [main] INFO com.climax.climax.services.JsonFile -- Employee{id='null', firstName='Joy', lastName='Bruno', age=29, salary=33.0, djob='comptable'}
02:25:08.528 [main] INFO com.climax.climax.services.JsonFile -- Employee{id='null', firstName='Basr', lastName='Julien', age=43, salary=24.0, djob='policier'}
02:25:08.529 [main] INFO com.climax.climax.services.JsonFile -- Employee{id='null', firstName='Bouaz', lastName='Teff', age=52, salary=45.0, djob='boulanger'}
02:25:08.529 [main] INFO com.climax.climax.services.JsonFile -- Employee{id='null', firstName='Leroy', lastName='Ben', age=48, salary=26.0, djob='comptable'}
02:25:08.529 [main] INFO com.climax.climax.services.JsonFile -- Employee{id='null', firstName='Beroy', lastName='Celine', age=28, salary=37.0, djob='comptable'}
]]></system-out>
  </testcase>
  <testcase name="testReadCsvFile" classname="com.climax.climax.ClimaxApplicationTests" time="0.004">
    <system-out><![CDATA[02:25:08.533 [main] INFO com.climax.climax.services.CsvFile -- Employee{id='null', firstName='Zous', lastName='Adrien', age=25, salary=35.0, djob='Informaticien'}
02:25:08.533 [main] INFO com.climax.climax.services.CsvFile -- Employee{id='null', firstName='Ducroc', lastName='Mathilde', age=32, salary=38.0, djob='Informaticien'}
02:25:08.533 [main] INFO com.climax.climax.services.CsvFile -- Employee{id='null', firstName='Joy', lastName='Bruno', age=29, salary=33.0, djob='Comptable'}
02:25:08.533 [main] INFO com.climax.climax.services.CsvFile -- Employee{id='null', firstName='Basr', lastName='Julien', age=43, salary=24.0, djob='Policier'}
02:25:08.534 [main] INFO com.climax.climax.services.CsvFile -- Employee{id='null', firstName='Bouaz', lastName='Teff', age=52, salary=45.0, djob='Boulanger'}
02:25:08.534 [main] INFO com.climax.climax.services.CsvFile -- Employee{id='null', firstName='Leroy', lastName='Ben', age=48, salary=26.0, djob='Comptable'}
02:25:08.534 [main] INFO com.climax.climax.services.CsvFile -- Employee{id='null', firstName='Beroy', lastName='Celine', age=28, salary=37.0, djob='Comptable'}
]]></system-out>
  </testcase>
  <testcase name="testGetJSonFileSalaryByDjob" classname="com.climax.climax.ClimaxApplicationTests" time="0.004"/>
  <testcase name="testGetFirstEmployee" classname="com.climax.climax.ClimaxApplicationTests" time="0.002">
    <system-out><![CDATA[02:25:08.541 [main] INFO com.climax.climax.services.JsonFile -- myFilePath:   /home/hamed/IdeaProjects/climax/file.json
02:25:08.541 [main] INFO com.climax.climax.services.JsonFile -- Employee{id='null', firstName='Zous', lastName='Adrien', age=25, salary=35.0, djob='informaticien'}
02:25:08.541 [main] INFO com.climax.climax.services.JsonFile -- Employee{id='null', firstName='Ducroc', lastName='Mathilde', age=32, salary=38.0, djob='informaticien'}
02:25:08.542 [main] INFO com.climax.climax.services.JsonFile -- Employee{id='null', firstName='Joy', lastName='Bruno', age=29, salary=33.0, djob='comptable'}
02:25:08.542 [main] INFO com.climax.climax.services.JsonFile -- Employee{id='null', firstName='Basr', lastName='Julien', age=43, salary=24.0, djob='policier'}
02:25:08.542 [main] INFO com.climax.climax.services.JsonFile -- Employee{id='null', firstName='Bouaz', lastName='Teff', age=52, salary=45.0, djob='boulanger'}
02:25:08.542 [main] INFO com.climax.climax.services.JsonFile -- Employee{id='null', firstName='Leroy', lastName='Ben', age=48, salary=26.0, djob='comptable'}
02:25:08.542 [main] INFO com.climax.climax.services.JsonFile -- Employee{id='null', firstName='Beroy', lastName='Celine', age=28, salary=37.0, djob='comptable'}
]]></system-out>
  </testcase>
  <testcase name="testReadXmlFile" classname="com.climax.climax.ClimaxApplicationTests" time="0.018">
    <system-out><![CDATA[02:25:08.544 [main] INFO com.climax.climax.services.XMLFile -- myFilePath:   /home/hamed/IdeaProjects/climax/file.xml
02:25:08.560 [main] INFO com.climax.climax.services.XMLFile -- Employee{id='234', firstName='Zous', lastName='Adrien', age=25, salary=35.0, djob='informaticien'}
02:25:08.560 [main] INFO com.climax.climax.services.XMLFile -- Employee{id='993', firstName='Ducroc', lastName='Mathilde', age=32, salary=38.0, djob='informaticien'}
02:25:08.560 [main] INFO com.climax.climax.services.XMLFile -- Employee{id='001', firstName='Joy', lastName='Bruno', age=29, salary=33.0, djob='comptable'}
02:25:08.560 [main] INFO com.climax.climax.services.XMLFile -- Employee{id='002', firstName='Basr', lastName='Julien', age=43, salary=24.0, djob='policier'}
02:25:08.560 [main] INFO com.climax.climax.services.XMLFile -- Employee{id='003', firstName='Bouaz', lastName='Teff', age=52, salary=45.0, djob='boulanger'}
02:25:08.560 [main] INFO com.climax.climax.services.XMLFile -- Employee{id='004', firstName='Leroy', lastName='Ben', age=48, salary=26.0, djob='comptable'}
02:25:08.560 [main] INFO com.climax.climax.services.XMLFile -- Employee{id='005', firstName='Beroy', lastName='Celine', age=28, salary=37.0, djob='comptable'}
]]></system-out>
  </testcase>
  <testcase name="testReadJsonFile" classname="com.climax.climax.ClimaxApplicationTests" time="0.002">
    <system-out><![CDATA[02:25:08.562 [main] INFO com.climax.climax.services.JsonFile -- myFilePath:   /home/hamed/IdeaProjects/climax/file.json
02:25:08.563 [main] INFO com.climax.climax.services.JsonFile -- Employee{id='null', firstName='Zous', lastName='Adrien', age=25, salary=35.0, djob='informaticien'}
02:25:08.563 [main] INFO com.climax.climax.services.JsonFile -- Employee{id='null', firstName='Ducroc', lastName='Mathilde', age=32, salary=38.0, djob='informaticien'}
02:25:08.563 [main] INFO com.climax.climax.services.JsonFile -- Employee{id='null', firstName='Joy', lastName='Bruno', age=29, salary=33.0, djob='comptable'}
02:25:08.563 [main] INFO com.climax.climax.services.JsonFile -- Employee{id='null', firstName='Basr', lastName='Julien', age=43, salary=24.0, djob='policier'}
02:25:08.563 [main] INFO com.climax.climax.services.JsonFile -- Employee{id='null', firstName='Bouaz', lastName='Teff', age=52, salary=45.0, djob='boulanger'}
02:25:08.563 [main] INFO com.climax.climax.services.JsonFile -- Employee{id='null', firstName='Leroy', lastName='Ben', age=48, salary=26.0, djob='comptable'}
02:25:08.563 [main] INFO com.climax.climax.services.JsonFile -- Employee{id='null', firstName='Beroy', lastName='Celine', age=28, salary=37.0, djob='comptable'}
]]></system-out>
  </testcase>
</testsuite>